This is pdfTeXk, Version 3.141592-1.40.3 (Web2C 7.5.6) (format=pdflatex 2010.6.16)  13 JUN 2011 15:51
entering extended mode
 %&-line parsing enabled.
**TEX_final.tex
(./TEX_final.tex
LaTeX2e <2005/12/01>
Babel <v3.8h> and hyphenation patterns for english, usenglishmax, dumylang, noh
yphenation, ukrainian, russian, bulgarian, pinyin, loaded.
(/usr/share/texmf-texlive/tex/latex/base/report.cls
Document Class: report 2005/09/16 v1.4f Standard LaTeX document class
(/usr/share/texmf-texlive/tex/latex/base/size12.clo
File: size12.clo 2005/09/16 v1.4f Standard LaTeX file (size option)
)
\c@part=\count79
\c@chapter=\count80
\c@section=\count81
\c@subsection=\count82
\c@subsubsection=\count83
\c@paragraph=\count84
\c@subparagraph=\count85
\c@figure=\count86
\c@table=\count87
\abovecaptionskip=\skip41
\belowcaptionskip=\skip42
\bibindent=\dimen102
)
(/usr/share/texmf-texlive/tex/latex/hyperref/hyperref.sty
Package: hyperref 2007/02/07 v6.75r Hypertext links for LaTeX

(/usr/share/texmf-texlive/tex/latex/graphics/keyval.sty
Package: keyval 1999/03/16 v1.13 key=value parser (DPC)
\KV@toks@=\toks14
)
\@linkdim=\dimen103
\Hy@linkcounter=\count88
\Hy@pagecounter=\count89

(/usr/share/texmf-texlive/tex/latex/hyperref/pd1enc.def
File: pd1enc.def 2007/02/07 v6.75r Hyperref: PDFDocEncoding definition (HO)
)
(/etc/texmf/tex/latex/config/hyperref.cfg
File: hyperref.cfg 2002/06/06 v1.2 hyperref configuration of TeXLive
)
(/usr/share/texmf-texlive/tex/latex/oberdiek/kvoptions.sty
Package: kvoptions 2006/08/22 v2.4 Connects package keyval with LaTeX options (
HO)
)
Package hyperref Info: Hyper figures OFF on input line 2288.
Package hyperref Info: Link nesting OFF on input line 2293.
Package hyperref Info: Hyper index ON on input line 2296.
Package hyperref Info: Plain pages OFF on input line 2303.
Package hyperref Info: Backreferencing OFF on input line 2308.

Implicit mode ON; LaTeX internals redefined
Package hyperref Info: Bookmarks ON on input line 2444.
(/usr/share/texmf-texlive/tex/latex/ltxmisc/url.sty
\Urlmuskip=\muskip10
Package: url 2005/06/27  ver 3.2  Verb mode for urls, etc.
)
LaTeX Info: Redefining \url on input line 2599.
\Fld@menulength=\count90
\Field@Width=\dimen104
\Fld@charsize=\dimen105
\Choice@toks=\toks15
\Field@toks=\toks16
Package hyperref Info: Hyper figures OFF on input line 3102.
Package hyperref Info: Link nesting OFF on input line 3107.
Package hyperref Info: Hyper index ON on input line 3110.
Package hyperref Info: backreferencing OFF on input line 3117.
Package hyperref Info: Link coloring OFF on input line 3122.
\Hy@abspage=\count91
\c@Item=\count92
\c@Hfootnote=\count93
)
*hyperref using default driver hpdftex*
(/usr/share/texmf-texlive/tex/latex/hyperref/hpdftex.def
File: hpdftex.def 2007/02/07 v6.75r Hyperref driver for pdfTeX
\Fld@listcount=\count94
)
Package hyperref Info: Option `colorlinks' set `true' on input line 3.

(/usr/share/texmf-texlive/tex/latex/tools/theorem.sty
Package: theorem 1995/11/23 v2.2c Theorem extension package (FMi)
\theorem@style=\toks17
\theorem@bodyfont=\toks18
\theorempreskipamount=\skip43
\theorempostskipamount=\skip44

(/usr/share/texmf-texlive/tex/latex/tools/thp.sty
File: thp.sty 1995/11/23 v2.2c Theorem extension package (FMi)
))
(/usr/share/texmf-texlive/tex/latex/graphics/graphicx.sty
Package: graphicx 1999/02/16 v1.0f Enhanced LaTeX Graphics (DPC,SPQR)

(/usr/share/texmf-texlive/tex/latex/graphics/graphics.sty
Package: graphics 2006/02/20 v1.0o Standard LaTeX Graphics (DPC,SPQR)

(/usr/share/texmf-texlive/tex/latex/graphics/trig.sty
Package: trig 1999/03/16 v1.09 sin cos tan (DPC)
)
(/etc/texmf/tex/latex/config/graphics.cfg
File: graphics.cfg 2007/01/18 v1.5 graphics configuration of teTeX/TeXLive
)
Package graphics Info: Driver file: pdftex.def on input line 90.

(/usr/share/texmf-texlive/tex/latex/pdftex-def/pdftex.def
File: pdftex.def 2007/01/08 v0.04d Graphics/color for pdfTeX
\Gread@gobject=\count95
))
\Gin@req@height=\dimen106
\Gin@req@width=\dimen107
)
(/usr/share/texmf-texlive/tex/latex/listings/listings.sty
\lst@mode=\count96
\lst@gtempboxa=\box26
\lst@token=\toks19
\lst@length=\count97
\lst@currlwidth=\dimen108
\lst@column=\count98
\lst@pos=\count99
\lst@lostspace=\dimen109
\lst@width=\dimen110
\lst@newlines=\count100
\lst@lineno=\count101
\c@lstlisting=\count102
\lst@maxwidth=\dimen111

(/usr/share/texmf-texlive/tex/latex/listings/lstpatch.sty
File: lstpatch.sty 2004/10/17 1.3b (Carsten Heinz)
)
(/usr/share/texmf-texlive/tex/latex/listings/lstmisc.sty
File: lstmisc.sty 2004/09/07 1.3 (Carsten Heinz)
\c@lstnumber=\count103
\lst@skipnumbers=\count104
\lst@framebox=\box27
)
(/usr/share/texmf-texlive/tex/latex/listings/listings.cfg
File: listings.cfg 2004/09/05 1.3 listings configuration
))
Package: listings 2004/10/17 1.3b (Carsten Heinz)

(/usr/share/texmf-texlive/tex/latex/base/alltt.sty
Package: alltt 1997/06/16 v2.0g defines alltt environment
)
(/usr/share/texmf-texlive/tex/latex/listings/lstlang1.sty
File: lstlang1.sty 2004/09/05 1.3 listings language file
)
\c@codemass=\count105
\c@accmass=\count106
 (./TEX_final.aux)
\openout1 = `TEX_final.aux'.

LaTeX Font Info:    Checking defaults for OML/cmm/m/it on input line 61.
LaTeX Font Info:    ... okay on input line 61.
LaTeX Font Info:    Checking defaults for T1/cmr/m/n on input line 61.
LaTeX Font Info:    ... okay on input line 61.
LaTeX Font Info:    Checking defaults for OT1/cmr/m/n on input line 61.
LaTeX Font Info:    ... okay on input line 61.
LaTeX Font Info:    Checking defaults for OMS/cmsy/m/n on input line 61.
LaTeX Font Info:    ... okay on input line 61.
LaTeX Font Info:    Checking defaults for OMX/cmex/m/n on input line 61.
LaTeX Font Info:    ... okay on input line 61.
LaTeX Font Info:    Checking defaults for U/cmr/m/n on input line 61.
LaTeX Font Info:    ... okay on input line 61.
LaTeX Font Info:    Checking defaults for PD1/pdf/m/n on input line 61.
LaTeX Font Info:    ... okay on input line 61.

(/usr/share/texmf-texlive/tex/latex/graphics/color.sty
Package: color 2005/11/14 v1.0j Standard LaTeX Color (DPC)

(/etc/texmf/tex/latex/config/color.cfg
File: color.cfg 2007/01/18 v1.5 color configuration of teTeX/TeXLive
)
Package color Info: Driver file: pdftex.def on input line 130.
)
Package hyperref Info: Link coloring ON on input line 61.

(/usr/share/texmf-texlive/tex/latex/hyperref/nameref.sty
Package: nameref 2006/12/27 v2.28 Cross-referencing by name of section

(/usr/share/texmf-texlive/tex/latex/oberdiek/refcount.sty
Package: refcount 2006/02/20 v3.0 Data extraction from references (HO)
)
\c@section@level=\count107
)
LaTeX Info: Redefining \ref on input line 61.
LaTeX Info: Redefining \pageref on input line 61.
 (./TEX_final.out)
(./TEX_final.out)
\@outlinefile=\write3
\openout3 = `TEX_final.out'.

 (/usr/share/texmf-texlive/tex/context/base/supp-pdf.tex
[Loading MPS to PDF converter (version 2006.09.02).]
\scratchcounter=\count108
\scratchdimen=\dimen112
\scratchbox=\box28
\nofMPsegments=\count109
\nofMParguments=\count110
\everyMPshowfont=\toks20
\MPscratchCnt=\count111
\MPscratchDim=\dimen113
\MPnumerator=\count112
\everyMPtoPDFconversion=\toks21
)
LaTeX Font Info:    External font `cmex10' loaded for size
(Font)              <20.74> on input line 63.
LaTeX Font Info:    External font `cmex10' loaded for size
(Font)              <14.4> on input line 63.
LaTeX Font Info:    External font `cmex10' loaded for size
(Font)              <12> on input line 63.
LaTeX Font Info:    External font `cmex10' loaded for size
(Font)              <7> on input line 63.
LaTeX Font Info:    External font `cmex10' loaded for size
(Font)              <10.95> on input line 63.
LaTeX Font Info:    External font `cmex10' loaded for size
(Font)              <8> on input line 63.
LaTeX Font Info:    External font `cmex10' loaded for size
(Font)              <6> on input line 63.
 [1

{/var/lib/texmf/fonts/map/pdftex/updmap/pdftex.map}]pdfTeX warning (ext4): dest
ination with the same identifier (name{page.1}) has been already used, duplicat
e ignored
<to be read again> 
                   \relax 
l.74 \newpage
              [1

] [2] (./TEX_final.toc
Overfull \hbox (95.60854pt too wide) detected at line 1
\OT1/cmr/bx/n/12 List of Scilab Codes 
 []

[3

])
\tf@toc=\write4
\openout4 = `TEX_final.toc'.

 [4] (./TEX_final.cod [5

] [6] [7] [8])
\tf@cod=\write5
\openout5 = `TEX_final.cod'.

 [9] (./TEX_final.lof)
\tf@lof=\write6
\openout6 = `TEX_final.lof'.

 [10

]
Chapter 1.
Package hyperref Info: bookmark level for unknown lstlisting defaults to 0 on i
nput line 94.
(../61/CH1/EX1.1/ex1_1.sce [11

] [12]) [13]
Chapter 2.
(../61/CH2/EX2.1/ex2_1.sce)
<../61/CH2/EX2.2.a/ex2_2a.jpg, id=597, 459.21562pt x 346.29375pt>
File: ../61/CH2/EX2.2.a/ex2_2a.jpg Graphic file (type jpg)

<use ../61/CH2/EX2.2.a/ex2_2a.jpg>
Overfull \hbox (43.62pt too wide) in paragraph at lines 109--110
[][] 
 []

(../61/CH2/EX2.2.a/ex2_2a.sce
LaTeX Font Info:    Try loading font information for OMS+cmr on input line 2.

(/usr/share/texmf-texlive/tex/latex/base/omscmr.fd
File: omscmr.fd 1999/05/25 v2.5h Standard LaTeX font definitions
)
LaTeX Font Info:    Font shape `OMS/cmr/m/n' in size <12> not available
(Font)              Font shape `OMS/cmsy/m/n' tried instead on input line 2.
 [14

] [15 <../61/CH2/EX2.2.a/ex2_2a.jpg>]) (../61/CH2/EX2.2.b/ex2_2b.sce [16]) (../
61/CH2/EX2.3/ex2_3.sce
[17]) (../61/CH2/EX2.4/ex2_4.sce)
<../61/CH2/EX2.5/ex2_5.jpg, id=676, 459.21562pt x 346.29375pt>
File: ../61/CH2/EX2.5/ex2_5.jpg Graphic file (type jpg)

<use ../61/CH2/EX2.5/ex2_5.jpg>
Overfull \hbox (43.62pt too wide) in paragraph at lines 145--146
[][] 
 []

(../61/CH2/EX2.5/ex2_5.sce [18] [19 <../61/CH2/EX2.5/ex2_5.jpg>])
(../61/CH2/EX2.6/ex2_6.sce) (../61/CH2/EX2.7/ex2_7.sce [20])
(../61/CH2/EX2.8/ex2_8.sce) [21] (../61/CH2/EX2.9/ex2_9.sce)
<../61/CH2/EX2.10/ex2_10.jpg, id=773, 459.21562pt x 290.58563pt>
File: ../61/CH2/EX2.10/ex2_10.jpg Graphic file (type jpg)

<use ../61/CH2/EX2.10/ex2_10.jpg>
Overfull \hbox (43.62pt too wide) in paragraph at lines 187--188
[][] 
 []

[22 <../61/CH2/EX2.10/ex2_10.jpg>] (../61/CH2/EX2.10/ex2_10.sce)
<../61/CH2/EX2.11/ex2_11.jpg, id=785, 459.21562pt x 346.29375pt>
File: ../61/CH2/EX2.11/ex2_11.jpg Graphic file (type jpg)

<use ../61/CH2/EX2.11/ex2_11.jpg>
Overfull \hbox (43.62pt too wide) in paragraph at lines 201--202
[][] 
 []

[23] (../61/CH2/EX2.11/ex2_11.sce [24 <../61/CH2/EX2.11/ex2_11.jpg>])
<../61/CH2/EX2.12/ex2_12.jpg, id=828, 459.21562pt x 346.29375pt>
File: ../61/CH2/EX2.12/ex2_12.jpg Graphic file (type jpg)

<use ../61/CH2/EX2.12/ex2_12.jpg>
Overfull \hbox (43.62pt too wide) in paragraph at lines 215--216
[][] 
 []

(../61/CH2/EX2.12/ex2_12.sce [25] [26 <../61/CH2/EX2.12/ex2_12.jpg>])
<../61/CH2/EX2.13/ex2_13.jpg, id=862, 459.21562pt x 346.29375pt>
File: ../61/CH2/EX2.13/ex2_13.jpg Graphic file (type jpg)

<use ../61/CH2/EX2.13/ex2_13.jpg>
Overfull \hbox (43.62pt too wide) in paragraph at lines 229--230
[][] 
 []

(../61/CH2/EX2.13/ex2_13.sce [27] [28 <../61/CH2/EX2.13/ex2_13.jpg>]) [29]
Chapter 3.
(../61/CH3/EX3.1/ex3_1.sce) (../61/CH3/EX3.2/ex3_2.sce [30

])
(../61/CH3/EX3.3/ex3_3.sce) (../61/CH3/EX3.4/ex3_4.sce) [31]
(../61/CH3/EX3.5/ex3_5.sce) (../61/CH3/EX3.6/ex3_6.sce [32])
(../61/CH3/EX3.7/ex3_7.sce [33])
<../61/CH3/EX3.8/ex3_8.jpg, id=1030, 459.21562pt x 290.58563pt>
File: ../61/CH3/EX3.8/ex3_8.jpg Graphic file (type jpg)

<use ../61/CH3/EX3.8/ex3_8.jpg>
Overfull \hbox (43.62pt too wide) in paragraph at lines 294--295
[][] 
 []

(../61/CH3/EX3.8/ex3_8.sce [34 <../61/CH3/EX3.8/ex3_8.jpg>] [35]) [36]
Chapter 4.
(../61/CH4/EX4.1/ex4_1.sce) (../61/CH4/EX4.2/ex4_2.sce [37

])
(../61/CH4/EX4.3/ex4_3.sce) (../61/CH4/EX4.4/ex4_4.sce) [38]
(../61/CH4/EX4.5/ex4_5.sce) (../61/CH4/EX4.6/ex4_6.sce) [39]
(../61/CH4/EX4.7/ex4_7.sce) (../61/CH4/EX4.8/ex4_8.sce)
(../61/CH4/EX4.9/ex4_9.sce [40]) [41]
Chapter 5.
(../61/CH5/EX5.1/ex5_1.sce) (../61/CH5/EX5.2/ex5_2.sce [42

])
(../61/CH5/EX5.3/ex5_3.sce
LaTeX Font Info:    Try loading font information for OML+cmr on input line 19.
 (/usr/share/texmf-texlive/tex/latex/base/omlcmr.fd
File: omlcmr.fd 1999/05/25 v2.5h Standard LaTeX font definitions
)
LaTeX Font Info:    Font shape `OML/cmr/m/n' in size <12> not available
(Font)              Font shape `OML/cmm/m/it' tried instead on input line 19.
) (../61/CH5/EX5.4/ex5_4.sce [43]) (../61/CH5/EX5.5/ex5_5.sce [44])
(../61/CH5/EX5.6/ex5_6.sce) [45] (../61/CH5/EX5.7/ex5_7.sce) [46]
(../61/CH5/EX5.8/ex5_8.sce) [47]
Chapter 6.
(../61/CH6/EX6.1/ex6_1.sce) (../61/CH6/EX6.2/ex6_2.sce)
(../61/CH6/EX6.3/ex6_3.sce [48

]) (../61/CH6/EX6.4/ex6_4.sce)
(../61/CH6/EX6.5/ex6_5.sce) [49] (../61/CH6/EX6.6/ex6_6.sce)
(../61/CH6/EX6.7/ex6_7.sce)
<../61/CH6/EX6.8/ex6_8.jpg, id=1443, 459.21562pt x 290.58563pt>
File: ../61/CH6/EX6.8/ex6_8.jpg Graphic file (type jpg)

<use ../61/CH6/EX6.8/ex6_8.jpg>
Overfull \hbox (43.62pt too wide) in paragraph at lines 482--483
[][] 
 []

(../61/CH6/EX6.8/ex6_8.sce [50] [51 <../61/CH6/EX6.8/ex6_8.jpg>] [52])
(../61/CH6/EX6.9/ex6_9.sce [53]) (../61/CH6/EX6.10/ex6_10.sce [54])
(../61/CH6/EX6.11/ex6_11.sce [55]) (../61/CH6/EX6.12/ex6_12.sce) [56]
Chapter 7.
(../61/CH7/EX7.1/ex7_1.sce) (../61/CH7/EX7.2/ex7_2.sce) [57

]
(../61/CH7/EX7.3/ex7_3.sce) (../61/CH7/EX7.4/ex7_4.sce) [58]
(../61/CH7/EX7.5/ex7_5.sce) (../61/CH7/EX7.6/ex7_6.sce)
(../61/CH7/EX7.7/ex7_7.sce [59]) (../61/CH7/EX7.8/ex7_8.sce)
(../61/CH7/EX7.9/ex7_9.sce) [60] (../61/CH7/EX7.10/ex7_10.sce)
(../61/CH7/EX7.11/ex7_11.sce) [61] (../61/CH7/EX7.12/ex7_12.sce)
(../61/CH7/EX7.13/ex7_13.sce) [62] (../61/CH7/EX7.14/ex7_14.sce)
(../61/CH7/EX7.15/ex7_15.sce) (../61/CH7/EX7.16/ex7_16.sce [63])
(../61/CH7/EX7.17/ex7_17.sce) [64]
Chapter 8.
(../61/CH8/EX8.1/ex8_1.sce) (../61/CH8/EX8.2/ex8_2.sce)
(../61/CH8/EX8.3/ex8_3.sce [65

]) (../61/CH8/EX8.4/ex8_4.sce) [66]
(../61/CH8/EX8.5/ex8_5.sce) (../61/CH8/EX8.6/ex8_6.sce)
(../61/CH8/EX8.7/ex8_7.sce [67]) (../61/CH8/EX8.8/ex8_8.SCE)
(../61/CH8/EX8.9/ex8_9.sce [68]) (../61/CH8/EX8.10/ex8_10.sce) [69] [70]
Chapter 9.
(../61/CH9/EX9.1/ex9_1.sce [71

]) (../61/CH9/EX9.2/ex9_2.sce) [72]
(../61/CH9/EX9.3/ex9_3.sce) (../61/CH9/EX9.4/ex9_4.sce)
(../61/CH9/EX9.5/ex9_5.sce [73]) (../61/CH9/EX9.6/ex9_6.sce [74])
(../61/CH9/EX9.7/ex9_7.sce) (../61/CH9/EX9.8/ex9_8.sce) [75]
Chapter 10.
(../61/CH10/EX10.1/ex10_1.sce) [76

] (../61/CH10/EX10.2/ex10_2.sce)
(../61/CH10/EX10.3/ex10_3.sce) [77] (../61/CH10/EX10.4/ex10_4.sce)
(../61/CH10/EX10.5/ex10_5.sce [78]) (../61/CH10/EX10.6/ex10_6.sce) [79]
(../61/CH10/EX10.7/ex10_7.sce) (../61/CH10/EX10.8/ex10_8.sce) [80]
(../61/CH10/EX10.9/ex10_9.sce [81]) (../61/CH10/EX10.10/ex10_10.sce) [82]
(../61/CH10/EX10.11/ex10_11.sce) (../61/CH10/EX10.12/ex10_12.sce)
(../61/CH10/EX10.13/ex10_13.sce [83]) (../61/CH10/EX10.14/ex10_14.sce)
(../61/CH10/EX10.15/ex10_15.sce) [84] (../61/CH10/EX10.16/ex10_16.sce)
(../61/CH10/EX10.17/ex10_17.sce) (../61/CH10/EX10.18/ex10_18.sce) [85]
Chapter 11.
(../61/CH11/EX11.1/ex11_1.sce) (../61/CH11/EX11.2/ex11_2.sce) [86

]
(../61/CH11/EX11.3/ex11_3.sce) (../61/CH11/EX11.4/ex11_4.sce)
(../61/CH11/EX11.5/ex11_5.sce) [87] [88]
Chapter 12.
(../61/CH12/EX12.1/ex12_1.sce) (../61/CH12/EX12.2/ex12_2.sce) [89

]
(../61/CH12/EX12.3/ex12_3.sce) (../61/CH12/EX12.4/ex12_4.sce)
(../61/CH12/EX12.5/ex12_5.sce) [90] (../61/CH12/EX12.6/ex12_6.sce)
(../61/CH12/EX12.7/ex12_7.sce) [91] (../61/CH12/EX12.8/ex12_8.sce)
(../61/CH12/EX12.9/ex12_9.sce [92]) (../61/CH12/EX12.10/ex12_10.sce)
(../61/CH12/EX12.11/ex12_11.sce [93]) (../61/CH12/EX12.12/ex12_12.sce) [94]
Chapter 13.
<../61/CH13/EX13.1/ex13_1.jpg, id=2635, 459.21562pt x 346.29375pt>
File: ../61/CH13/EX13.1/ex13_1.jpg Graphic file (type jpg)

<use ../61/CH13/EX13.1/ex13_1.jpg>
Overfull \hbox (43.62pt too wide) in paragraph at lines 1052--1053
[][] 
 []

(../61/CH13/EX13.1/ex13_1.sce [95

] [96 <../61/CH13/EX13.1/ex13_1.jpg>])
(../61/CH13/EX13.2/ex13_2.sce)
<../61/CH13/EX13.3/ex13_3.jpg, id=2664, 459.21562pt x 346.29375pt>
File: ../61/CH13/EX13.3/ex13_3.jpg Graphic file (type jpg)

<use ../61/CH13/EX13.3/ex13_3.jpg>
Overfull \hbox (43.62pt too wide) in paragraph at lines 1073--1074
[][] 
 []

(../61/CH13/EX13.3/ex13_3.sce [97] [98 <../61/CH13/EX13.3/ex13_3.jpg>])
(../61/CH13/EX13.4/ex13_4.sce) (../61/CH13/EX13.5/ex13_5.sce [99])
(../61/CH13/EX13.6/ex13_6.sce) (../61/CH13/EX13.7/ex13_7.sce [100])
<../61/CH13/EX13.8/ex13_8.jpg, id=2761, 602.25pt x 451.6875pt>
File: ../61/CH13/EX13.8/ex13_8.jpg Graphic file (type jpg)

<use ../61/CH13/EX13.8/ex13_8.jpg>
Overfull \hbox (43.62pt too wide) in paragraph at lines 1115--1116
[][] 
 []

(../61/CH13/EX13.8/ex13_8.sce [101] [102 <../61/CH13/EX13.8/ex13_8.jpg>])
<../61/CH13/EX13.9/ex13_9.jpg, id=2800, 459.21562pt x 346.29375pt>
File: ../61/CH13/EX13.9/ex13_9.jpg Graphic file (type jpg)

<use ../61/CH13/EX13.9/ex13_9.jpg>
Overfull \hbox (43.62pt too wide) in paragraph at lines 1129--1130
[][] 
 []

[103] [104 <../61/CH13/EX13.9/ex13_9.jpg>] (../61/CH13/EX13.9/ex13_9.sce
[105]) [106]
Chapter 14.
(../61/CH14/EX14.1/ex14_1.sce) (../61/CH14/EX14.2/ex14_2.sce) [107

]
(../61/CH14/EX14.3/ex14_3.sce) (../61/CH14/EX14.4/ex14_4.sce)
(../61/CH14/EX14.5/ex14_5.sce) [108] (../61/CH14/EX14.6/ex14_6.sce)
<../61/CH14/EX14.7/ex14_7.jpg, id=2925, 602.25pt x 451.6875pt>
File: ../61/CH14/EX14.7/ex14_7.jpg Graphic file (type jpg)

<use ../61/CH14/EX14.7/ex14_7.jpg>
Overfull \hbox (43.62pt too wide) in paragraph at lines 1187--1188
[][] 
 []

(../61/CH14/EX14.7/ex14_7.sce [109] [110 <../61/CH14/EX14.7/ex14_7.jpg>])
(../61/CH14/EX14.8/ex14_8.sce) (../61/CH14/EX14.9/ex14_9.sce)
(../61/CH14/EX14.10/ex14_10.sce [111]) [112]
Chapter 15.
(../61/CH15/EX15.1/ex15_1.sce) (../61/CH15/EX15.2/ex15_2.sce) [113

]
(../61/CH15/EX15.3/ex15_3.sce) (../61/CH15/EX15.4/ex15_4.sce) [114]
(../61/CH15/EX15.5/ex15_5.sce) (../61/CH15/EX15.6/ex15_6.sce)
(../61/CH15/EX15.7/ex15_7.sce [115]) (../61/CH15/EX15.8/ex15_8.sce) [116]
Chapter 16.
(../61/CH16/EX16.1/ex16_1.sce) [117

] (../61/CH16/EX16.2/ex16_2.sce)
(../61/CH16/EX16.3/ex16_3.sce) (../61/CH16/EX16.4/ex16_4.sce [118])
<../61/CH16/EX16.5/ex16_5.jpg, id=3158, 459.21562pt x 346.29375pt>
File: ../61/CH16/EX16.5/ex16_5.jpg Graphic file (type jpg)

<use ../61/CH16/EX16.5/ex16_5.jpg>
Overfull \hbox (43.62pt too wide) in paragraph at lines 1310--1311
[][] 
 []

(../61/CH16/EX16.5/ex16_5.sce [119] [120 <../61/CH16/EX16.5/ex16_5.jpg>])
(../61/CH16/EX16.6/ex16_6.sce) [121]
Chapter 17.
(../61/CH17/EX17.1/ex17_1.sce) (../61/CH17/EX17.2/ex17_2.sce [122

])
(../61/CH17/EX17.3/ex17_3.sce) (../61/CH17/EX17.4/ex17_4.sce)
(../61/CH17/EX17.5/ex17_5.sce [123]) (../61/CH17/EX17.6/ex17_6.sce)
(../61/CH17/EX17.7/ex17_7.sce) (../61/CH17/EX17.8/ex17_8.sce) [124]
(../61/CH17/EX17.9/ex17_9.sce) [125]
Chapter 18.
(../61/CH18/EX18.1/ex18_1.sce) [126

] (../61/DEPENDENCIES/phase_shift.sci)
(../61/DEPENDENCIES/open_loop_gain.sci)
(../61/DEPENDENCIES/gain_in_decibel_voltage.sci)
(../61/DEPENDENCIES/gain_in_decibel_power.sci)
(../61/DEPENDENCIES/value_of_K.sci [127

]) (../61/DEPENDENCIES/value_of_I_D.sci) [128] (./TEX_final.aux) ) 
Here is how much of TeX's memory you used:
 9544 strings out of 94828
 136019 string characters out of 1179023
 268508 words of memory out of 1500000
 9379 multiletter control sequences out of 10000+50000
 10548 words of font info for 37 fonts, out of 1200000 for 2000
 212 hyphenation exceptions out of 8191
 28i,7n,40p,365b,2888s stack positions out of 5000i,500n,6000p,200000b,5000s
</usr/share/t
exmf-texlive/fonts/type1/bluesky/cm/cmbx12.pfb></usr/share/texmf-texlive/fonts/
type1/bluesky/cm/cmmi12.pfb></usr/share/texmf-texlive/fonts/type1/bluesky/cm/cm
r10.pfb></usr/share/texmf-texlive/fonts/type1/bluesky/cm/cmr12.pfb></usr/share/
texmf-texlive/fonts/type1/bluesky/cm/cmr17.pfb></usr/share/texmf-texlive/fonts/
type1/bluesky/cm/cmr8.pfb></usr/share/texmf-texlive/fonts/type1/bluesky/cm/cmsy
10.pfb></usr/share/texmf-texlive/fonts/type1/bluesky/cm/cmtt12.pfb>
Output written on TEX_final.pdf (129 pages, 1407655 bytes).
PDF statistics:
 3911 PDF objects out of 4296 (max. 8388607)
 2638 named destinations out of 2984 (max. 131072)
 239 words of extra memory for PDF output out of 10000 (max. 10000000)

